<?xml version="1.0" encoding="UTF-8"?>
 <!DOCTYPE sqlMap PUBLIC "-//iBATIS.com//DTD SQL Map 2.0//EN" 
  "http://www.ibatis.com/dtd/sql-map-2.dtd">
 <sqlMap namespace="test-ibatis">
	<select id="TestDao.select" resultClass="String">
	    SELECT test FROM test limit 1,1
	</select>
</sqlMap>
